app/proguard-rules.pro
# Add project specific ProGuard rules here.
# You can control the set of applied configuration files using the
# proguardFiles setting in build.gradle.
#
# For more details, see
#   http://developer.android.com/guide/developing/tools/proguard.html

# If your project uses WebView with JS, uncomment the following
# and specify the fully qualified class name to the JavaScript interface
# class:
#-keepclassmembers class fqcn.of.javascript.interface.for.webview {
#   public *;
#}

# Uncomment this to preserve the line number information for
# debugging stack traces.
#-keepattributes SourceFile,LineNumberTable

# If you keep the line number information, uncomment this to
# hide the original source file name.
#-renamesourcefileattribute SourceFile

#############################################
#
# 对于一些基本指令的添加
#
#############################################
-printmapping mapping.txt

# 代码混淆压缩比，在0~7之间，默认为5，一般不做修改
-optimizationpasses 5

# 混合时不使用大小写混合，混合后的类名为小写
-dontusemixedcaseclassnames

# 指定不去忽略非公共库的类
-dontskipnonpubliclibraryclasses

# 这句话能够使我们的项目混淆后产生映射文件
# 包含有类名->混淆后类名的映射关系
-verbose

# 指定不去忽略非公共库的类成员
-dontskipnonpubliclibraryclassmembers

# 不做预校验，preverify是proguard的四个步骤之一，Android不需要preverify，去掉这一步能够加快混淆速度。
-dontpreverify

# 避免混淆一些信息
-keepattributes *Annotation*,Exceptions,InnerClasses,Signature,SourceFile,LineNumberTable

# 抛出异常时保留代码行号
-keepattributes SourceFile,LineNumberTable

# 指定混淆是采用的算法，后面的参数是一个过滤器
# 这个过滤器是谷歌推荐的算法，一般不做更改
-optimizations !code/simplification/cast,!field/*,!class/merging/*


#############################################
#
# Android开发中一些需要保留的公共部分 start
#
#############################################

#手动启用androidx keep注解
-printconfiguration
-keep @androidx.annotation.Keep class *
-keepclassmembers class * {
    @androidx.annotation.Keep *;
}


# 保留我们使用的四大组件，自定义的Application等等这些类不被混淆
# 因为这些子类都有可能被外部调用
-keep public class * extends android.app.Service
-keep public class * extends android.content.BroadcastReceiver
-keep public class * extends android.content.ContentProvider
-keep public class * extends android.app.backup.BackupAgentHelper
-keep public class * extends android.preference.Preference
-keep public class * extends android.view.View

# 保留R下面的资源
-keep class **.R$* {*;}
-keep public class **.R$*{
   public static final int *;
}

# 保留本地native方法不被混淆
-keepclasseswithmembernames class * {
    native <methods>;
}

# 保留在Activity中的方法参数是view的方法，
# 这样以来我们在layout中写的onClick就不会被影响
-keepclassmembers class * extends android.app.Activity{
    public void *(android.view.View);
}

# 保留枚举类不被混淆
-keepclassmembers enum * {
    public static **[] values();
    public static ** valueOf(java.lang.String);
}

# 保留我们自定义控件（继承自View）不被混淆
-keep public class * extends android.view.View{
    *** get*();
    void set*(***);
    public <init>(android.content.Context);
    public <init>(android.content.Context, android.util.AttributeSet);
    public <init>(android.content.Context, android.util.AttributeSet, int);
}

#保持所有实现 Serializable 接口的类成员
-keepclassmembers class * implements java.io.Serializable {
    static final long serialVersionUID;
    private static final java.io.ObjectStreamField[] serialPersistentFields;
    private void writeObject(java.io.ObjectOutputStream);
    private void readObject(java.io.ObjectInputStream);
    java.lang.Object writeReplace();
    java.lang.Object readResolve();
}

# 对于带有回调函数的onXXEvent、**On*Listener的，不能被混淆
-keepclassmembers class * {
    void *(**On*Event);
    void *(**On*Listener);
}

-keepattributes *JavascriptInterface*
-keepclassmembers class * {
   public <init> (org.json.JSONObject);
}


# webview
-keepclassmembers class * extends android.webkit.WebViewClient {
    public void *(android.webkit.WebView, java.lang.String, android.graphics.Bitmap);
    public boolean *(android.webkit.WebView, java.lang.String);
}
-keepclassmembers class * extends android.webkit.WebViewClient {
    public void *(android.webkit.WebView, java.lang.String);
}
#############################################
#
# Android开发中一些需要保留的公共部分 end
#
#############################################



#############################################
#
# 第三方混淆 start
#
#############################################

#kotlin
-keep class kotlin.Metadata { *; }
-dontwarn kotlin.**
-keepclassmembers class **$WhenMappings {
    <fields>;
}
-keepclassmembers class kotlin.Metadata {
    public <methods>;
}
-assumenosideeffects class kotlin.jvm.internal.Intrinsics {
    static void checkParameterIsNotNull(java.lang.Object, java.lang.String);
}
-keepclasseswithmembernames class * {
    native <methods>;
}
-keepclassmembers class * extends android.app.Activity {
   public void *(android.view.View);
}

-keep class **.R$* {*;}
-keepclassmembers enum * { *;}



#androidx
#-keep class androidx.** {*;}
#-keep public class * extends androidx.**
#-keep interface androidx.** {*;}
-keep class androidx.annotation.** {*;}
-dontwarn com.google.android.material.**
-dontnote com.google.android.material.**
-dontwarn androidx.**



-dontwarn com.bobbyen.sdk.phonics.**
-keep class com.bobbyen.sdk.phonics.** {*;}