app/mapping.txt
# compiler: R8
# compiler_version: 2.0.99
# min_api: 29
# pg_map_id: 3a07d38
# common_typos_disable
com.bobby.phonics.sdk.demo.DemoApp -> com.bobby.phonics.sdk.demo.DemoApp:
    14:14:void <init>() -> <init>
    16:18:void onCreate() -> onCreate
com.bobby.phonics.sdk.demo.MainActivity -> com.bobby.phonics.sdk.demo.MainActivity:
    java.util.HashMap _$_findViewCache -> p
    17:17:void <init>() -> <init>
    android.view.View _$_findCachedViewById(int) -> E
    61:63:void onActivityResult(int,int,android.content.Intent) -> onActivityResult
    19:53:void onCreate(android.os.Bundle) -> onCreate
    66:71:void onLearnResult(org.json.JSONObject) -> onLearnResult
    56:58:void onResume() -> onResume
com.bobby.phonics.sdk.demo.MainActivity$onCreate$1 -> com.bobby.phonics.sdk.demo.MainActivity$a:
    28:28:void <init>() -> <init>
    33:33:void noPermission(java.util.List,boolean) -> a
    30:30:void hasPermission(java.util.List,boolean) -> b
com.bobby.phonics.sdk.demo.MainActivity$onCreate$2 -> com.bobby.phonics.sdk.demo.MainActivity$b:
    com.bobby.phonics.sdk.demo.MainActivity this$0 -> b
    java.lang.String $accessToken -> c
    39:47:void onClick(android.view.View) -> onClick
com.bobby.phonics.sdk.demo.MainActivity$onCreate$3 -> com.bobby.phonics.sdk.demo.MainActivity$c:
    com.bobby.phonics.sdk.demo.MainActivity$onCreate$3 INSTANCE -> b
    50:51:void onClick(android.view.View) -> onClick
...
com.blankj.utilcode.util.Utils$ActivityLifecycleCallbacks -> d.a.a.a.i$a:
    103:103:void <init>() -> <init>
    105:105:void onActivityCreated(android.app.Activity) -> a
    115:115:void onActivityDestroyed(android.app.Activity) -> b
    111:111:void onActivityPaused(android.app.Activity) -> c
    109:109:void onActivityResumed(android.app.Activity) -> d
    107:107:void onActivityStarted(android.app.Activity) -> e
    113:113:void onActivityStopped(android.app.Activity) -> f
    117:117:void onLifecycleChanged(android.app.Activity,androidx.lifecycle.Lifecycle$Event) -> g
com.blankj.utilcode.util.Utils$OnAppStatusChangedListener -> d.a.a.a.i$b:
    void onForeground(android.app.Activity) -> a
    void onBackground(android.app.Activity) -> b
com.blankj.utilcode.util.UtilsActivityLifecycleImpl -> d.a.a.a.j:
    java.util.List mStatusListeners -> b
    java.util.Map mActivityLifecycleCallbacksMap -> c
    boolean mIsBackground -> f
    int mForegroundCount -> d
    int mConfigCount -> e
    com.blankj.utilcode.util.UtilsActivityLifecycleImpl INSTANCE -> g
    java.util.LinkedList mActivityList -> a
    34:34:void <clinit>() -> <clinit>
    32:43:void <init>() -> <init>
    156:178:void consumeActivityLifecycleCallbacks(android.app.Activity,androidx.lifecycle.Lifecycle$Event) -> a
    75:76:void addOnAppStatusChangedListener(com.blankj.utilcode.util.Utils$OnAppStatusChangedListener) -> addOnAppStatusChangedListener
    338:342:java.lang.Object getActivityThread() -> b
    347:353:java.lang.Object getActivityThreadInActivityThreadStaticField() -> c
    359:363:java.lang.Object getActivityThreadInActivityThreadStaticMethod() -> d
    369:377:java.lang.Object getActivityThreadInLoadedApkField() -> e
    95:111:android.app.Application getApplicationByReflect() -> f
    46:47:void init(android.app.Application) -> g
    275:283:void postStatus(android.app.Activity,boolean) -> h
    254:272:void processHideSoftInputOnActivityDestroy(android.app.Activity,boolean) -> i
    385:403:void setAnimatorsEnabled() -> j
    286:294:void setTopActivity(android.app.Activity) -> k
    50:52:void unInit(android.app.Application) -> l
    184:189:void onActivityCreated(android.app.Activity,android.os.Bundle) -> onActivityCreated
com.blankj.utilcode.util.UtilsActivityLifecycleImpl$4 -> d.a.a.a.j$a:
    java.lang.Object val$tag -> c
    android.app.Activity val$activity -> b
    262:262:void <init>(com.blankj.utilcode.util.UtilsActivityLifecycleImpl,android.app.Activity,java.lang.Object) -> <init>
    265:269:void run() -> run
com.blankj.utilcode.util.UtilsBridge -> d.a.a.a.k:
    419:420:void applyLanguage(android.app.Activity) -> a
    62:63:void addOnAppStatusChangedListener(com.blankj.utilcode.util.Utils$OnAppStatusChangedListener) -> addOnAppStatusChangedListener
    508:508:boolean equals(java.lang.CharSequence,java.lang.CharSequence) -> b
    412:413:void fixSoftInputLeaks(android.app.Activity) -> c
    88:88:android.app.Application getApplicationByReflect() -> d
    446:446:java.lang.String getCurrentProcessName() -> e
    497:497:com.blankj.utilcode.util.SPUtils getSpUtils4Utils() -> f
    43:44:void init(android.app.Application) -> g
    51:52:void preLoad() -> h
    554:557:void preLoad(java.lang.Runnable[]) -> i
    521:522:void runOnUiThread(java.lang.Runnable) -> j
    525:526:void runOnUiThreadDelayed(java.lang.Runnable,long) -> k
    47:48:void unInit(android.app.Application) -> l
    66:67:void removeOnAppStatusChangedListener(com.blankj.utilcode.util.Utils$OnAppStatusChangedListener) -> removeOnAppStatusChangedListener
com.blankj.utilcode.util.UtilsFileProvider -> com.blankj.utilcode.util.UtilsFileProvider:
    15:15:void <init>() -> <init>
    20:21:boolean onCreate() -> onCreate